<?xml version="1.0" encoding="UTF-8"?>
<!-- Generated by org.testng.reporters.JUnitReportReporter -->
<testsuite hostname="LAPTOP-VU82AKNH" failures="0" tests="1" name="BookMyShow.Book.BookMyShowClass" time="8.622" errors="0" timestamp="2021-03-15T20:57:05 GMT-07:00" skipped="0">
  <testcase classname="BookMyShow.Book.BookMyShowClass" name="f" time="8.622"/>
  <system-out/>
</testsuite> <!-- BookMyShow.Book.BookMyShowClass -->
